desktop/tauri-plugin-cortex-download/android/build/intermediates/manifest_merge_blame_file/release/processReleaseManifest/manifest-merger-blame-release-report.txt
1<?xml version="1.0" encoding="utf-8"?>
2<manifest xmlns:android="http://schemas.android.com/apk/res/android"
3    package="dev.cortex.download" >
4
5    <uses-sdk android:minSdkVersion="24" />
6    <!--
7         DownloadManager fetches the file over the network. Writing into the public Downloads
8         collection needs no storage permission (DownloadManager is exempt from scoped storage);
9         POST_NOTIFICATIONS is declared by the app so the completion notification can show on API 33+.
10    -->
11    <uses-permission android:name="android.permission.INTERNET" />
11-->src/main/AndroidManifest.xml:5:5-67
11-->src/main/AndroidManifest.xml:5:22-64
12
13</manifest>